{"name": "test_child_Nankana", "status": "broken", "statusDetails": {"message": "selenium.common.exceptions.NoSuchElementException: Message: no such element: Unable to locate element: {\"method\":\"xpath\",\"selector\":\"//a[normalize-space()='Police Performance Evaluation']\"}\n  (Session info: chrome=127.0.6533.119); For documentation on this error, please visit: https://www.selenium.dev/documentation/webdriver/troubleshooting/errors#no-such-element-exception\nStacktrace:\n\tGetHandleVerifier [0x00007FF615F09642+30946]\n\t(No symbol) [0x00007FF615EBE3D9]\n\t(No symbol) [0x00007FF615DB6FDA]\n\t(No symbol) [0x00007FF615E0822C]\n\t(No symbol) [0x00007FF615E0850C]\n\t(No symbol) [0x00007FF615E4DCB7]\n\t(No symbol) [0x00007FF615E2CAAF]\n\t(No symbol) [0x00007FF615E4B041]\n\t(No symbol) [0x00007FF615E2C813]\n\t(No symbol) [0x00007FF615DFA6E5]\n\t(No symbol) [0x00007FF615DFB021]\n\tGetHandleVerifier [0x00007FF61603F84D+1301229]\n\tGetHandleVerifier [0x00007FF61604BDC7+1351783]\n\tGetHandleVerifier [0x00007FF616042A13+1313971]\n\tGetHandleVerifier [0x00007FF615F3DD16+245686]\n\t(No symbol) [0x00007FF615EC759F]\n\t(No symbol) [0x00007FF615EC3814]\n\t(No symbol) [0x00007FF615EC39A2]\n\t(No symbol) [0x00007FF615EBA3FF]\n\tBaseThreadInitThunk [0x00007FF83E0A7374+20]\n\tRtlUserThreadStart [0x00007FF83E95CC91+33]", "trace": "setup = <selenium.webdriver.chrome.webdriver.WebDriver (session=\"7feb1b0ce63034ebc36ec66b1224f4a0\")>\n\n    def test_child_Nankana(setup):\n        driver=setup\n>       driver.find_element(By.XPATH, \"//a[normalize-space()='Police Performance Evaluation']\").click()\n\ntest_Police_KPI's_Dashboard.py:802: \n_ _ _ _ _ _ _ _ _ _ _ _ _ _ _ _ _ _ _ _ _ _ _ _ _ _ _ _ _ _ _ _ _ _ _ _ _ _ _ _ _ _ _ _ _ _ _ _ _ _ _ _ _ _ _ _ _ _ _ _ _ _ _ _ _ _ _ _ _ _ _ _ _ _ _ _ _ _ _ _ _ _ _ _ _ _ _ _ _ _ _ _ _ _ _ _ _ _ _ _ _ _ _ _ _ _ _ _ _ _ _ _ _ _\n.venv\\Lib\\site-packages\\selenium\\webdriver\\remote\\webdriver.py:748: in find_element\n    return self.execute(Command.FIND_ELEMENT, {\"using\": by, \"value\": value})[\"value\"]\n.venv\\Lib\\site-packages\\selenium\\webdriver\\remote\\webdriver.py:354: in execute\n    self.error_handler.check_response(response)\n_ _ _ _ _ _ _ _ _ _ _ _ _ _ _ _ _ _ _ _ _ _ _ _ _ _ _ _ _ _ _ _ _ _ _ _ _ _ _ _ _ _ _ _ _ _ _ _ _ _ _ _ _ _ _ _ _ _ _ _ _ _ _ _ _ _ _ _ _ _ _ _ _ _ _ _ _ _ _ _ _ _ _ _ _ _ _ _ _ _ _ _ _ _ _ _ _ _ _ _ _ _ _ _ _ _ _ _ _ _ _ _ _ _\n\nself = <selenium.webdriver.remote.errorhandler.ErrorHandler object at 0x0000019AD224A5A0>\nresponse = {'status': 404, 'value': '{\"value\":{\"error\":\"no such element\",\"message\":\"no such element: Unable to locate element: {\\...07FF615EBA3FF]\\\\n\\\\tBaseThreadInitThunk [0x00007FF83E0A7374+20]\\\\n\\\\tRtlUserThreadStart [0x00007FF83E95CC91+33]\\\\n\"}}'}\n\n    def check_response(self, response: Dict[str, Any]) -> None:\n        \"\"\"Checks that a JSON response from the WebDriver does not have an\n        error.\n    \n        :Args:\n         - response - The JSON response from the WebDriver server as a dictionary\n           object.\n    \n        :Raises: If the response contains an error message.\n        \"\"\"\n        status = response.get(\"status\", None)\n        if not status or status == ErrorCode.SUCCESS:\n            return\n        value = None\n        message = response.get(\"message\", \"\")\n        screen: str = response.get(\"screen\", \"\")\n        stacktrace = None\n        if isinstance(status, int):\n            value_json = response.get(\"value\", None)\n            if value_json and isinstance(value_json, str):\n                import json\n    \n                try:\n                    value = json.loads(value_json)\n                    if len(value) == 1:\n                        value = value[\"value\"]\n                    status = value.get(\"error\", None)\n                    if not status:\n                        status = value.get(\"status\", ErrorCode.UNKNOWN_ERROR)\n                        message = value.get(\"value\") or value.get(\"message\")\n                        if not isinstance(message, str):\n                            value = message\n                            message = message.get(\"message\")\n                    else:\n                        message = value.get(\"message\", None)\n                except ValueError:\n                    pass\n    \n        exception_class: Type[WebDriverException]\n        e = ErrorCode()\n        error_codes = [item for item in dir(e) if not item.startswith(\"__\")]\n        for error_code in error_codes:\n            error_info = getattr(ErrorCode, error_code)\n            if isinstance(error_info, list) and status in error_info:\n                exception_class = getattr(ExceptionMapping, error_code, WebDriverException)\n                break\n        else:\n            exception_class = WebDriverException\n    \n        if not value:\n            value = response[\"value\"]\n        if isinstance(value, str):\n            raise exception_class(value)\n        if message == \"\" and \"message\" in value:\n            message = value[\"message\"]\n    \n        screen = None  # type: ignore[assignment]\n        if \"screen\" in value:\n            screen = value[\"screen\"]\n    \n        stacktrace = None\n        st_value = value.get(\"stackTrace\") or value.get(\"stacktrace\")\n        if st_value:\n            if isinstance(st_value, str):\n                stacktrace = st_value.split(\"\\n\")\n            else:\n                stacktrace = []\n                try:\n                    for frame in st_value:\n                        line = frame.get(\"lineNumber\", \"\")\n                        file = frame.get(\"fileName\", \"<anonymous>\")\n                        if line:\n                            file = f\"{file}:{line}\"\n                        meth = frame.get(\"methodName\", \"<anonymous>\")\n                        if \"className\" in frame:\n                            meth = f\"{frame['className']}.{meth}\"\n                        msg = \"    at %s (%s)\"\n                        msg = msg % (meth, file)\n                        stacktrace.append(msg)\n                except TypeError:\n                    pass\n        if exception_class == UnexpectedAlertPresentException:\n            alert_text = None\n            if \"data\" in value:\n                alert_text = value[\"data\"].get(\"text\")\n            elif \"alert\" in value:\n                alert_text = value[\"alert\"].get(\"text\")\n            raise exception_class(message, screen, stacktrace, alert_text)  # type: ignore[call-arg]  # mypy is not smart enough here\n>       raise exception_class(message, screen, stacktrace)\nE       selenium.common.exceptions.NoSuchElementException: Message: no such element: Unable to locate element: {\"method\":\"xpath\",\"selector\":\"//a[normalize-space()='Police Performance Evaluation']\"}\nE         (Session info: chrome=127.0.6533.119); For documentation on this error, please visit: https://www.selenium.dev/documentation/webdriver/troubleshooting/errors#no-such-element-exception\nE       Stacktrace:\nE       \tGetHandleVerifier [0x00007FF615F09642+30946]\nE       \t(No symbol) [0x00007FF615EBE3D9]\nE       \t(No symbol) [0x00007FF615DB6FDA]\nE       \t(No symbol) [0x00007FF615E0822C]\nE       \t(No symbol) [0x00007FF615E0850C]\nE       \t(No symbol) [0x00007FF615E4DCB7]\nE       \t(No symbol) [0x00007FF615E2CAAF]\nE       \t(No symbol) [0x00007FF615E4B041]\nE       \t(No symbol) [0x00007FF615E2C813]\nE       \t(No symbol) [0x00007FF615DFA6E5]\nE       \t(No symbol) [0x00007FF615DFB021]\nE       \tGetHandleVerifier [0x00007FF61603F84D+1301229]\nE       \tGetHandleVerifier [0x00007FF61604BDC7+1351783]\nE       \tGetHandleVerifier [0x00007FF616042A13+1313971]\nE       \tGetHandleVerifier [0x00007FF615F3DD16+245686]\nE       \t(No symbol) [0x00007FF615EC759F]\nE       \t(No symbol) [0x00007FF615EC3814]\nE       \t(No symbol) [0x00007FF615EC39A2]\nE       \t(No symbol) [0x00007FF615EBA3FF]\nE       \tBaseThreadInitThunk [0x00007FF83E0A7374+20]\nE       \tRtlUserThreadStart [0x00007FF83E95CC91+33]\n\n.venv\\Lib\\site-packages\\selenium\\webdriver\\remote\\errorhandler.py:229: NoSuchElementException"}, "start": 1724763035887, "stop": 1724763035897, "uuid": "5da4bd11-55e3-4757-897f-2b47fa7d69e6", "historyId": "2ce060b04c99970d229eb0c1b93fd559", "testCaseId": "2ce060b04c99970d229eb0c1b93fd559", "fullName": "test_Police_KPI's_Dashboard#test_child_Nankana", "labels": [{"name": "suite", "value": "test_Police_KPI's_Dashboard"}, {"name": "host", "value": "dig-opsroom-1"}, {"name": "thread", "value": "16668-MainThread"}, {"name": "framework", "value": "pytest"}, {"name": "language", "value": "cpython3"}, {"name": "package", "value": "test_Police_KPI's_Dashboard"}]}